<?xml version="1.0" encoding="UTF-8"?>
<testng-results skipped="0" failed="0" ignored="0" total="1" passed="1">
  <reporter-output>
  </reporter-output>
  <suite name="Suite" duration-ms="3438" started-at="2018-08-30T11:15:22Z" finished-at="2018-08-30T11:15:26Z">
    <groups>
      <group name="logintrue">
        <method signature="LoginCase.getlogin()[pri:0, instance:com.jiekou.cases.LoginCase@271053e1]" name="getlogin" class="com.jiekou.cases.LoginCase"/>
      </group> <!-- logintrue -->
    </groups>
    <test name="Test" duration-ms="3438" started-at="2018-08-30T11:15:22Z" finished-at="2018-08-30T11:15:26Z">
      <class name="com.jiekou.cases.LoginCase">
        <test-method status="PASS" signature="before()[pri:0, instance:com.jiekou.cases.LoginCase@271053e1]" name="before" is-config="true" duration-ms="1882" started-at="2018-08-30T19:15:22Z" finished-at="2018-08-30T19:15:24Z">
          <reporter-output>
          </reporter-output>
        </test-method> <!-- before -->
        <test-method status="PASS" signature="getlogin()[pri:0, instance:com.jiekou.cases.LoginCase@271053e1]" name="getlogin" duration-ms="1520" started-at="2018-08-30T19:15:24Z" finished-at="2018-08-30T19:15:26Z">
          <reporter-output>
          </reporter-output>
        </test-method> <!-- getlogin -->
      </class> <!-- com.jiekou.cases.LoginCase -->
    </test> <!-- Test -->
  </suite> <!-- Suite -->
</testng-results>
